{"ts":1688969655984,"action":"IDE_DEACTIVATED"}
{"ts":1688969656009,"action":"IDE_ACTIVATED"}
{"ts":1688969656580,"action":"PROJECT_OPENED","tags":{"PROJECT_NAME":"java_jdbc"}}
{"ts":1688969657990,"action":"FILE_OPENED","file":"/pom.xml","tags":{"FILE_LINE_OF_CODE":"17"}}
{"ts":1688969658100,"action":"FILE_CLOSED","file":"/pom.xml","tags":{"FILE_LINE_OF_CODE":"17"}}
{"ts":1688969658100,"action":"FILE_OPENED","file":"/src/main/java/org/rortega/java/jdbc/Main.java","tags":{"FILE_LINE_OF_CODE":"7"}}
{"ts":1688969661013,"action":"IDE_DEACTIVATED"}
{"ts":1688969661838,"action":"IDE_ACTIVATED"}
{"ts":1688969668066,"action":"FILE_CLOSED","file":"/src/main/java/org/rortega/java/jdbc/Main.java","tags":{"FILE_LINE_OF_CODE":"7"}}
{"ts":1688969668066,"action":"FILE_OPENED","file":"/pom.xml","tags":{"FILE_LINE_OF_CODE":"17"}}
{"ts":1688969685405,"action":"IDE_DEACTIVATED"}
{"ts":1688969702528,"action":"IDE_ACTIVATED"}
{"ts":1688969719084,"action":"IDE_DEACTIVATED"}
{"ts":1688969730096,"action":"IDE_ACTIVATED"}
{"ts":1688969754384,"action":"IDE_DEACTIVATED"}
{"ts":1688969765921,"action":"IDE_ACTIVATED"}
{"ts":1688969800070,"action":"IDE_DEACTIVATED"}
{"ts":1688969802057,"action":"IDE_ACTIVATED"}
{"ts":1688969828597,"action":"IDE_DEACTIVATED"}
{"ts":1688969943093,"action":"IDE_ACTIVATED"}
{"ts":1688969979995,"action":"IDE_DEACTIVATED"}
{"ts":1688970014998,"action":"IDE_ACTIVATED"}
{"ts":1688970024066,"action":"FILE_CLOSED","file":"/pom.xml","tags":{"FILE_LINE_OF_CODE":"23"}}
{"ts":1688970024066,"action":"FILE_OPENED","file":"/src/main/java/org/rortega/java/jdbc/EjemploJDBC.java","tags":{"FILE_LINE_OF_CODE":"3"}}
{"ts":1688970024960,"action":"IDE_DEACTIVATED"}
{"ts":1688970026031,"action":"IDE_ACTIVATED"}
{"ts":1688970265209,"action":"IDE_DEACTIVATED"}
{"ts":1688970269639,"action":"IDE_ACTIVATED"}
{"ts":1688970292435,"action":"IDE_DEACTIVATED"}
{"ts":1688970293943,"action":"IDE_ACTIVATED"}
{"ts":1688970330078,"action":"IDE_DEACTIVATED"}
{"ts":1688970353410,"action":"IDE_ACTIVATED"}
{"ts":1688970550545,"action":"IDE_DEACTIVATED"}
{"ts":1688970603601,"action":"IDE_ACTIVATED"}
{"ts":1688970604366,"action":"IDE_DEACTIVATED"}
{"ts":1688970674455,"action":"IDE_ACTIVATED"}
{"ts":1688970675602,"action":"IDE_DEACTIVATED"}
{"ts":1688970703089,"action":"IDE_ACTIVATED"}
{"ts":1688970703940,"action":"IDE_DEACTIVATED"}
{"ts":1688970716752,"action":"IDE_ACTIVATED"}
{"ts":1688970717753,"action":"IDE_DEACTIVATED"}
{"ts":1688970726312,"action":"IDE_ACTIVATED"}
{"ts":1688970727285,"action":"IDE_DEACTIVATED"}
{"ts":1688970785334,"action":"IDE_ACTIVATED"}
{"ts":1688970786399,"action":"IDE_DEACTIVATED"}
{"ts":1688970794411,"action":"IDE_ACTIVATED"}
{"ts":1688970795018,"action":"IDE_DEACTIVATED"}
{"ts":1688970828567,"action":"IDE_ACTIVATED"}
{"ts":1688970829800,"action":"IDE_DEACTIVATED"}
{"ts":1688970854000,"action":"IDE_ACTIVATED"}
{"ts":1688970855054,"action":"IDE_DEACTIVATED"}
{"ts":1688970860261,"action":"IDE_ACTIVATED"}
{"ts":1688970877895,"action":"IDE_DEACTIVATED"}
{"ts":1688970918083,"action":"IDE_ACTIVATED"}
{"ts":1688970920843,"action":"IDE_DEACTIVATED"}
{"ts":1688970926252,"action":"IDE_ACTIVATED"}
{"ts":1688970930352,"action":"IDE_DEACTIVATED"}
{"ts":1688970974567,"action":"IDE_ACTIVATED"}
{"ts":1688970975022,"action":"IDE_DEACTIVATED"}
{"ts":1688970975955,"action":"IDE_ACTIVATED"}
{"ts":1688970992395,"action":"IDE_DEACTIVATED"}
{"ts":1688971035360,"action":"IDE_ACTIVATED"}
{"ts":1688971066489,"action":"IDE_DEACTIVATED"}
{"ts":1688971067125,"action":"IDE_ACTIVATED"}
{"ts":1688971100868,"action":"IDE_DEACTIVATED"}
{"ts":1688971106336,"action":"IDE_ACTIVATED"}
{"ts":1688971127937,"action":"IDE_DEACTIVATED"}
{"ts":1688971133005,"action":"IDE_ACTIVATED"}
{"ts":1688971150146,"action":"IDE_DEACTIVATED"}
{"ts":1688971160468,"action":"IDE_ACTIVATED"}
{"ts":1688971192609,"action":"IDE_DEACTIVATED"}
{"ts":1688971199060,"action":"IDE_ACTIVATED"}
{"ts":1688971204673,"action":"IDE_DEACTIVATED"}
{"ts":1688971205624,"action":"IDE_ACTIVATED"}
{"ts":1688971209001,"action":"IDE_DEACTIVATED"}
{"ts":1688971214618,"action":"IDE_ACTIVATED"}
{"ts":1688971294968,"action":"IDE_DEACTIVATED"}
{"ts":1688971298740,"action":"IDE_ACTIVATED"}
{"ts":1688971469274,"action":"IDE_DEACTIVATED"}
{"ts":1688971470459,"action":"IDE_ACTIVATED"}
{"ts":1688971490884,"action":"IDE_DEACTIVATED"}
{"ts":1688971729524,"action":"IDE_ACTIVATED"}
{"ts":1688971739549,"action":"IDE_DEACTIVATED"}
{"ts":1688971827325,"action":"IDE_ACTIVATED"}
{"ts":1688971836140,"action":"IDE_DEACTIVATED"}
{"ts":1688971837614,"action":"IDE_ACTIVATED"}
{"ts":1688971838148,"action":"IDE_DEACTIVATED"}
{"ts":1688971848519,"action":"IDE_ACTIVATED"}
{"ts":1688971849812,"action":"IDE_DEACTIVATED"}
{"ts":1688971905787,"action":"IDE_ACTIVATED"}
{"ts":1688971936090,"action":"IDE_DEACTIVATED"}
{"ts":1688971939649,"action":"IDE_ACTIVATED"}
{"ts":1688971950876,"action":"IDE_DEACTIVATED"}
{"ts":1688971951784,"action":"IDE_ACTIVATED"}
{"ts":1688971968619,"action":"IDE_DEACTIVATED"}
{"ts":1688971969829,"action":"IDE_ACTIVATED"}
{"ts":1688971972504,"action":"IDE_DEACTIVATED"}
{"ts":1688971973642,"action":"IDE_ACTIVATED"}
{"ts":1688972096437,"action":"IDE_DEACTIVATED"}
{"ts":1688972347137,"action":"IDE_ACTIVATED"}
{"ts":1688972367211,"action":"FILE_CLOSED","file":"/src/main/java/org/rortega/java/jdbc/EjemploJDBC.java","tags":{"FILE_LINE_OF_CODE":"42"}}
{"ts":1688972367211,"action":"FILE_OPENED","file":"/src/main/java/org/rortega/java/jdbc/EjemploJDBCSinFinally.java","tags":{"FILE_LINE_OF_CODE":"42"}}
{"ts":1688972370207,"action":"IDE_DEACTIVATED"}
{"ts":1688972372723,"action":"IDE_ACTIVATED"}
{"ts":1688972374476,"action":"IDE_DEACTIVATED"}
{"ts":1688972375652,"action":"IDE_ACTIVATED"}
{"ts":1688972400476,"action":"IDE_DEACTIVATED"}
{"ts":1688972406716,"action":"IDE_ACTIVATED"}
{"ts":1688972417594,"action":"IDE_DEACTIVATED"}
{"ts":1688972419023,"action":"IDE_ACTIVATED"}
{"ts":1688972429459,"action":"IDE_DEACTIVATED"}
{"ts":1688972432133,"action":"IDE_ACTIVATED"}
{"ts":1688972443305,"action":"IDE_DEACTIVATED"}
{"ts":1688972448257,"action":"IDE_ACTIVATED"}
{"ts":1688972584763,"action":"IDE_DEACTIVATED"}
{"ts":1688973750986,"action":"IDE_ACTIVATED"}
{"ts":1688973770792,"action":"IDE_DEACTIVATED"}
{"ts":1688973773166,"action":"IDE_ACTIVATED"}
{"ts":1688973773787,"action":"IDE_DEACTIVATED"}
{"ts":1688973774609,"action":"IDE_ACTIVATED"}
{"ts":1688973777651,"action":"IDE_DEACTIVATED"}
{"ts":1688973787908,"action":"IDE_ACTIVATED"}
{"ts":1688973792625,"action":"IDE_DEACTIVATED"}
{"ts":1688973793541,"action":"IDE_ACTIVATED"}
{"ts":1688973805822,"action":"FILE_CLOSED","file":"/src/main/java/org/rortega/java/jdbc/EjemploJDBCSinFinally.java","tags":{"FILE_LINE_OF_CODE":"29"}}
{"ts":1688973805822,"action":"FILE_OPENED","file":"/src/main/java/org/rortega/java/jdbc/util/ConexionBaseDatos.java","tags":{"FILE_LINE_OF_CODE":"3"}}
{"ts":1688973808226,"action":"IDE_DEACTIVATED"}
{"ts":1688973860733,"action":"IDE_ACTIVATED"}
{"ts":1688973863220,"action":"FILE_CLOSED","file":"/src/main/java/org/rortega/java/jdbc/util/ConexionBaseDatos.java","tags":{"FILE_LINE_OF_CODE":"4"}}
{"ts":1688973863220,"action":"FILE_OPENED","file":"/src/main/java/org/rortega/java/jdbc/EjemploJDBCSinFinally.java","tags":{"FILE_LINE_OF_CODE":"29"}}
{"ts":1688973868940,"action":"FILE_CLOSED","file":"/src/main/java/org/rortega/java/jdbc/EjemploJDBCSinFinally.java","tags":{"FILE_LINE_OF_CODE":"27"}}
{"ts":1688973868940,"action":"FILE_OPENED","file":"/src/main/java/org/rortega/java/jdbc/util/ConexionBaseDatos.java","tags":{"FILE_LINE_OF_CODE":"4"}}
{"ts":1688973896268,"action":"IDE_DEACTIVATED"}
{"ts":1688973909931,"action":"IDE_ACTIVATED"}
{"ts":1688973912690,"action":"IDE_DEACTIVATED"}
{"ts":1688973916991,"action":"IDE_ACTIVATED"}
{"ts":1688973917015,"action":"FILE_CLOSED","file":"/src/main/java/org/rortega/java/jdbc/util/ConexionBaseDatos.java","tags":{"FILE_LINE_OF_CODE":"7"}}
{"ts":1688973917015,"action":"FILE_OPENED","file":"/src/main/java/org/rortega/java/jdbc/EjemploJDBCSinFinally.java","tags":{"FILE_LINE_OF_CODE":"27"}}
{"ts":1688973921588,"action":"FILE_CLOSED","file":"/src/main/java/org/rortega/java/jdbc/EjemploJDBCSinFinally.java","tags":{"FILE_LINE_OF_CODE":"27"}}
{"ts":1688973921588,"action":"FILE_OPENED","file":"/src/main/java/org/rortega/java/jdbc/util/ConexionBaseDatos.java","tags":{"FILE_LINE_OF_CODE":"7"}}
{"ts":1688973945100,"action":"IDE_DEACTIVATED"}
{"ts":1688973946147,"action":"IDE_ACTIVATED"}
{"ts":1688974019494,"action":"IDE_DEACTIVATED"}
{"ts":1688974020428,"action":"IDE_ACTIVATED"}
{"ts":1688974020453,"action":"FILE_CLOSED","file":"/src/main/java/org/rortega/java/jdbc/util/ConexionBaseDatos.java","tags":{"FILE_LINE_OF_CODE":"24"}}
{"ts":1688974020453,"action":"FILE_OPENED","file":"/src/main/java/org/rortega/java/jdbc/EjemploJDBCSinFinally.java","tags":{"FILE_LINE_OF_CODE":"27"}}
{"ts":1688974026554,"action":"IDE_DEACTIVATED"}
{"ts":1688974028494,"action":"IDE_ACTIVATED"}
{"ts":1688974047855,"action":"IDE_DEACTIVATED"}
{"ts":1688974048899,"action":"IDE_ACTIVATED"}
{"ts":1688974079371,"action":"IDE_DEACTIVATED"}
{"ts":1688974243751,"action":"IDE_ACTIVATED"}
{"ts":1688974243777,"action":"FILE_CLOSED","file":"/src/main/java/org/rortega/java/jdbc/EjemploJDBCSinFinally.java","tags":{"FILE_LINE_OF_CODE":"27"}}
{"ts":1688974243777,"action":"FILE_OPENED","file":"/src/main/java/org/rortega/java/jdbc/util/ConexionBaseDatos.java","tags":{"FILE_LINE_OF_CODE":"24"}}
{"ts":1688974283394,"action":"IDE_DEACTIVATED"}
{"ts":1688974421526,"action":"IDE_ACTIVATED"}
{"ts":1688974436965,"action":"IDE_DEACTIVATED"}
{"ts":1688974437973,"action":"IDE_ACTIVATED"}
{"ts":1688974454200,"action":"FILE_CLOSED","file":"/src/main/java/org/rortega/java/jdbc/util/ConexionBaseDatos.java","tags":{"FILE_LINE_OF_CODE":"24"}}
{"ts":1688974454200,"action":"FILE_OPENED","file":"/src/main/java/org/rortega/java/jdbc/modelo/Producto.java","tags":{"FILE_LINE_OF_CODE":"3"}}
{"ts":1688974467063,"action":"IDE_DEACTIVATED"}
{"ts":1688974467838,"action":"IDE_ACTIVATED"}
{"ts":1688974490026,"action":"IDE_DEACTIVATED"}
{"ts":1688974491221,"action":"IDE_ACTIVATED"}
{"ts":1688974518385,"action":"IDE_DEACTIVATED"}
{"ts":1688974519272,"action":"IDE_ACTIVATED"}
{"ts":1688974531950,"action":"IDE_DEACTIVATED"}
{"ts":1688974533986,"action":"IDE_ACTIVATED"}
{"ts":1688974565935,"action":"IDE_DEACTIVATED"}
{"ts":1688974569628,"action":"IDE_ACTIVATED"}
{"ts":1688974591213,"action":"IDE_DEACTIVATED"}
{"ts":1688974593011,"action":"IDE_ACTIVATED"}
{"ts":1688974596160,"action":"IDE_DEACTIVATED"}
{"ts":1688974597805,"action":"IDE_ACTIVATED"}
